This is pdfTeX, Version 3.141592653-2.6-1.40.23 (MiKTeX 21.8) (preloaded format=pdflatex 2021.11.13)  5 FEB 2022 07:58
entering extended mode
**./pracainÅ¼.tex
(pracainÅ¼.tex
LaTeX2e <2021-06-01> patch level 1
L3 programming layer <2021-08-27>
(C:\Users\bartek\AppData\Local\Programs\MiKTeX\tex/latex/base\article.cls
Document Class: article 2021/02/12 v1.4n Standard LaTeX document class
(C:\Users\bartek\AppData\Local\Programs\MiKTeX\tex/latex/base\size12.clo
File: size12.clo 2021/02/12 v1.4n Standard LaTeX file (size option)
)
\c@part=\count182
\c@section=\count183
\c@subsection=\count184
\c@subsubsection=\count185
\c@paragraph=\count186
\c@subparagraph=\count187
\c@figure=\count188
\c@table=\count189
\abovecaptionskip=\skip47
\belowcaptionskip=\skip48
\bibindent=\dimen138
)
(C:\Users\bartek\AppData\Local\Programs\MiKTeX\tex/latex/cite\cite.sty
LaTeX Info: Redefining \cite on input line 302.
LaTeX Info: Redefining \nocite on input line 332.
Package: cite 2015/02/27  v 5.5
)
(weiiszablon.sty
Package: weiiszablon 2015/07/01 package <weiiszablon>

(C:\Users\bartek\AppData\Local\Programs\MiKTeX\tex/generic/babel\babel.sty
Package: babel 2021/07/22 3.63 The Babel package

(C:\Users\bartek\AppData\Local\Programs\MiKTeX\tex/generic/babel\babel.def
File: babel.def 2021/07/22 3.63 Babel common definitions
\babel@savecnt=\count190
\U@D=\dimen139
\l@unhyphenated=\language79

(C:\Users\bartek\AppData\Local\Programs\MiKTeX\tex/generic/babel\txtbabel.def)
\bbl@readstream=\read2
)
\bbl@dirlevel=\count191
*************************************
* Local config file bblopts.cfg used
*
(C:\Users\bartek\AppData\Local\Programs\MiKTeX\tex/latex/arabi\bblopts.cfg
File: bblopts.cfg 2005/09/08 v0.1 add Arabic and Farsi to "declared" options of
 babel
)
(C:\Users\bartek\AppData\Local\Programs\MiKTeX\tex/latex/babel-polish\polish.ld
f
Language: polish 2005/03/31 v1.2l Polish support from the babel system
Package babel Info: Making " an active character on input line 83.
\pl@left=\dimen140
\pl@down=\dimen141
\pl@right=\dimen142
\pl@temp=\dimen143
)) (C:\Users\bartek\AppData\Local\Programs\MiKTeX\tex/latex/base\inputenc.sty
Package: inputenc 2021/02/14 v1.3d Input encoding file
\inpenc@prehook=\toks16
\inpenc@posthook=\toks17
) (C:\Users\bartek\AppData\Local\Programs\MiKTeX\tex/latex/base\fontenc.sty
Package: fontenc 2021/04/29 v2.0v Standard LaTeX package
)
(C:\Users\bartek\AppData\Local\Programs\MiKTeX\tex/latex/psnfss\courier.sty
Package: courier 2020/03/25 PSNFSS-v9.3 (WaS) 
)
(C:\Users\bartek\AppData\Local\Programs\MiKTeX\tex/latex/psnfss\mathptmx.sty
Package: mathptmx 2020/03/25 PSNFSS-v9.3 Times w/ Math, improved (SPQR, WaS) 
LaTeX Font Info:    Redeclaring symbol font `operators' on input line 28.
LaTeX Font Info:    Overwriting symbol font `operators' in version `normal'
(Font)                  OT1/cmr/m/n --> OT1/ztmcm/m/n on input line 28.
LaTeX Font Info:    Overwriting symbol font `operators' in version `bold'
(Font)                  OT1/cmr/bx/n --> OT1/ztmcm/m/n on input line 28.
LaTeX Font Info:    Redeclaring symbol font `letters' on input line 29.
LaTeX Font Info:    Overwriting symbol font `letters' in version `normal'
(Font)                  OML/cmm/m/it --> OML/ztmcm/m/it on input line 29.
LaTeX Font Info:    Overwriting symbol font `letters' in version `bold'
(Font)                  OML/cmm/b/it --> OML/ztmcm/m/it on input line 29.
LaTeX Font Info:    Redeclaring symbol font `symbols' on input line 30.
LaTeX Font Info:    Overwriting symbol font `symbols' in version `normal'
(Font)                  OMS/cmsy/m/n --> OMS/ztmcm/m/n on input line 30.
LaTeX Font Info:    Overwriting symbol font `symbols' in version `bold'
(Font)                  OMS/cmsy/b/n --> OMS/ztmcm/m/n on input line 30.
LaTeX Font Info:    Redeclaring symbol font `largesymbols' on input line 31.
LaTeX Font Info:    Overwriting symbol font `largesymbols' in version `normal'
(Font)                  OMX/cmex/m/n --> OMX/ztmcm/m/n on input line 31.
LaTeX Font Info:    Overwriting symbol font `largesymbols' in version `bold'
(Font)                  OMX/cmex/m/n --> OMX/ztmcm/m/n on input line 31.
\symbold=\mathgroup4
\symitalic=\mathgroup5
LaTeX Font Info:    Redeclaring math alphabet \mathbf on input line 34.
LaTeX Font Info:    Overwriting math alphabet `\mathbf' in version `normal'
(Font)                  OT1/cmr/bx/n --> OT1/ptm/bx/n on input line 34.
LaTeX Font Info:    Overwriting math alphabet `\mathbf' in version `bold'
(Font)                  OT1/cmr/bx/n --> OT1/ptm/bx/n on input line 34.
LaTeX Font Info:    Redeclaring math alphabet \mathit on input line 35.
LaTeX Font Info:    Overwriting math alphabet `\mathit' in version `normal'
(Font)                  OT1/cmr/m/it --> OT1/ptm/m/it on input line 35.
LaTeX Font Info:    Overwriting math alphabet `\mathit' in version `bold'
(Font)                  OT1/cmr/bx/it --> OT1/ptm/m/it on input line 35.
LaTeX Info: Redefining \hbar on input line 50.
)
(C:\Users\bartek\AppData\Local\Programs\MiKTeX\tex/latex/graphics\graphicx.sty
Package: graphicx 2020/12/05 v1.2c Enhanced LaTeX Graphics (DPC,SPQR)

(C:\Users\bartek\AppData\Local\Programs\MiKTeX\tex/latex/graphics\keyval.sty
Package: keyval 2014/10/28 v1.15 key=value parser (DPC)
\KV@toks@=\toks18
)
(C:\Users\bartek\AppData\Local\Programs\MiKTeX\tex/latex/graphics\graphics.sty
Package: graphics 2021/03/04 v1.4d Standard LaTeX Graphics (DPC,SPQR)

(C:\Users\bartek\AppData\Local\Programs\MiKTeX\tex/latex/graphics\trig.sty
Package: trig 2016/01/03 v1.10 sin cos tan (DPC)
)
(C:\Users\bartek\AppData\Local\Programs\MiKTeX\tex/latex/graphics-cfg\graphics.
cfg
File: graphics.cfg 2016/06/04 v1.11 sample graphics configuration
)
Package graphics Info: Driver file: pdftex.def on input line 107.

(C:\Users\bartek\AppData\Local\Programs\MiKTeX\tex/latex/graphics-def\pdftex.de
f
File: pdftex.def 2020/10/05 v1.2a Graphics/color driver for pdftex
))
\Gin@req@height=\dimen144
\Gin@req@width=\dimen145
)
(C:\Users\bartek\AppData\Local\Programs\MiKTeX\tex/latex/enumitem\enumitem.sty
Package: enumitem 2019/06/20 v3.9 Customized lists
\labelindent=\skip49
\enit@outerparindent=\dimen146
\enit@toks=\toks19
\enit@inbox=\box50
\enit@count@id=\count192
\enitdp@description=\count193
) (C:\Users\bartek\AppData\Local\Programs\MiKTeX\tex/latex/tools\indentfirst.st
y
Package: indentfirst 1995/11/23 v1.03 Indent first paragraph (DPC)
)
(C:\Users\bartek\AppData\Local\Programs\MiKTeX\tex/latex/etoolbox\etoolbox.sty
Package: etoolbox 2020/10/05 v2.5k e-TeX tools for LaTeX (JAW)
\etb@tempcnta=\count194
) (C:\Users\bartek\AppData\Local\Programs\MiKTeX\tex/latex/amsmath\amsmath.sty
Package: amsmath 2021/04/20 v2.17j AMS math features
\@mathmargin=\skip50

For additional information on amsmath, use the `?' option.
(C:\Users\bartek\AppData\Local\Programs\MiKTeX\tex/latex/amsmath\amstext.sty
Package: amstext 2000/06/29 v2.01 AMS text

(C:\Users\bartek\AppData\Local\Programs\MiKTeX\tex/latex/amsmath\amsgen.sty
File: amsgen.sty 1999/11/30 v2.0 generic functions
\@emptytoks=\toks20
\ex@=\dimen147
))
(C:\Users\bartek\AppData\Local\Programs\MiKTeX\tex/latex/amsmath\amsbsy.sty
Package: amsbsy 1999/11/29 v1.2d Bold Symbols
\pmbraise@=\dimen148
)
(C:\Users\bartek\AppData\Local\Programs\MiKTeX\tex/latex/amsmath\amsopn.sty
Package: amsopn 2016/03/08 v2.02 operator names
)
\inf@bad=\count195
LaTeX Info: Redefining \frac on input line 234.
\uproot@=\count196
\leftroot@=\count197
LaTeX Info: Redefining \overline on input line 399.
\classnum@=\count198
\DOTSCASE@=\count199
LaTeX Info: Redefining \ldots on input line 496.
LaTeX Info: Redefining \dots on input line 499.
LaTeX Info: Redefining \cdots on input line 620.
\Mathstrutbox@=\box51
\strutbox@=\box52
\big@size=\dimen149
LaTeX Font Info:    Redeclaring font encoding OML on input line 743.
LaTeX Font Info:    Redeclaring font encoding OMS on input line 744.
\macc@depth=\count266
\c@MaxMatrixCols=\count267
\dotsspace@=\muskip16
\c@parentequation=\count268
\dspbrk@lvl=\count269
\tag@help=\toks21
\row@=\count270
\column@=\count271
\maxfields@=\count272
\andhelp@=\toks22
\eqnshift@=\dimen150
\alignsep@=\dimen151
\tagshift@=\dimen152
\tagwidth@=\dimen153
\totwidth@=\dimen154
\lineht@=\dimen155
\@envbody=\toks23
\multlinegap=\skip51
\multlinetaggap=\skip52
\mathdisplay@stack=\toks24
LaTeX Info: Redefining \[ on input line 2923.
LaTeX Info: Redefining \] on input line 2924.
)
(C:\Users\bartek\AppData\Local\Programs\MiKTeX\tex/latex/graphics\color.sty
Package: color 2020/02/24 v1.2b Standard LaTeX Color (DPC)

(C:\Users\bartek\AppData\Local\Programs\MiKTeX\tex/latex/graphics-cfg\color.cfg
File: color.cfg 2016/01/02 v1.6 sample color configuration
)
Package color Info: Driver file: pdftex.def on input line 149.
)
(C:\Users\bartek\AppData\Local\Programs\MiKTeX\tex/latex/listings\listings.sty
\lst@mode=\count273
\lst@gtempboxa=\box53
\lst@token=\toks25
\lst@length=\count274
\lst@currlwidth=\dimen156
\lst@column=\count275
\lst@pos=\count276
\lst@lostspace=\dimen157
\lst@width=\dimen158
\lst@newlines=\count277
\lst@lineno=\count278
\lst@maxwidth=\dimen159

(C:\Users\bartek\AppData\Local\Programs\MiKTeX\tex/latex/listings\lstmisc.sty
File: lstmisc.sty 2020/03/24 1.8d (Carsten Heinz)
\c@lstnumber=\count279
\lst@skipnumbers=\count280
\lst@framebox=\box54
)
(C:\Users\bartek\AppData\Local\Programs\MiKTeX\tex/latex/listings\listings.cfg
File: listings.cfg 2020/03/24 1.8d listings configuration
))
Package: listings 2020/03/24 1.8d (Carsten Heinz)

(C:\Users\bartek\AppData\Local\Programs\MiKTeX\tex/latex/geometry\geometry.sty
Package: geometry 2020/01/02 v5.9 Page Geometry

(C:\Users\bartek\AppData\Local\Programs\MiKTeX\tex/generic/iftex\ifvtex.sty
Package: ifvtex 2019/10/25 v1.7 ifvtex legacy package. Use iftex instead.

(C:\Users\bartek\AppData\Local\Programs\MiKTeX\tex/generic/iftex\iftex.sty
Package: iftex 2020/03/06 v1.0d TeX engine tests
))
\Gm@cnth=\count281
\Gm@cntv=\count282
\c@Gm@tempcnt=\count283
\Gm@bindingoffset=\dimen160
\Gm@wd@mp=\dimen161
\Gm@odd@mp=\dimen162
\Gm@even@mp=\dimen163
\Gm@layoutwidth=\dimen164
\Gm@layoutheight=\dimen165
\Gm@layouthoffset=\dimen166
\Gm@layoutvoffset=\dimen167
\Gm@dimlist=\toks26

(C:\Users\bartek\AppData\Local\Programs\MiKTeX\tex/latex/geometry\geometry.cfg)
) (C:\Users\bartek\AppData\Local\Programs\MiKTeX\tex/latex/tools\bm.sty
Package: bm 2021/04/25 v1.2e Bold Symbol Support (DPC/FMi)
Package bm Info: No bold for \OT1/ztmcm/m/n, using \pmb.
Package bm Info: No bold for \OML/ztmcm/m/it, using \pmb.
Package bm Info: No bold for \OMS/ztmcm/m/n, using \pmb.
Package bm Info: No bold for \OMX/ztmcm/m/n, using \pmb.
Package bm Info: No bold for \OT1/ptm/bx/n, using \pmb.
Package bm Info: No bold for \OT1/ptm/m/it, using \pmb.
)
(C:\Users\bartek\AppData\Local\Programs\MiKTeX\tex/latex/tocloft\tocloft.sty
Package: tocloft 2017/08/31 v2.3i parameterised ToC, etc., typesetting
Package tocloft Info: The document has section divisions on input line 51.
\cftparskip=\skip53
\cftbeforetoctitleskip=\skip54
\cftaftertoctitleskip=\skip55
\cftbeforepartskip=\skip56
\cftpartnumwidth=\skip57
\cftpartindent=\skip58
\cftbeforesecskip=\skip59
\cftsecindent=\skip60
\cftsecnumwidth=\skip61
\cftbeforesubsecskip=\skip62
\cftsubsecindent=\skip63
\cftsubsecnumwidth=\skip64
\cftbeforesubsubsecskip=\skip65
\cftsubsubsecindent=\skip66
\cftsubsubsecnumwidth=\skip67
\cftbeforeparaskip=\skip68
\cftparaindent=\skip69
\cftparanumwidth=\skip70
\cftbeforesubparaskip=\skip71
\cftsubparaindent=\skip72
\cftsubparanumwidth=\skip73
\cftbeforeloftitleskip=\skip74
\cftafterloftitleskip=\skip75
\cftbeforefigskip=\skip76
\cftfigindent=\skip77
\cftfignumwidth=\skip78
\c@lofdepth=\count284
\c@lotdepth=\count285
\cftbeforelottitleskip=\skip79
\cftafterlottitleskip=\skip80
\cftbeforetabskip=\skip81
\cfttabindent=\skip82
\cfttabnumwidth=\skip83
)
\old@cftbeforesecskip=\skip84
\mylen=\skip85
Package color Info: Redefining color mygray on input line 106.

(C:\Users\bartek\AppData\Local\Programs\MiKTeX\tex/latex/titlesec\titlesec.sty
Package: titlesec 2021/07/05 v2.14 Sectioning titles
\ttl@box=\box55
\beforetitleunit=\skip86
\aftertitleunit=\skip87
\ttl@plus=\dimen168
\ttl@minus=\dimen169
\ttl@toksa=\toks27
\titlewidth=\dimen170
\titlewidthlast=\dimen171
\titlewidthfirst=\dimen172
) (C:\Users\bartek\AppData\Local\Programs\MiKTeX\tex/latex/lm\lmodern.sty
Package: lmodern 2009/10/30 v1.6 Latin Modern Fonts
LaTeX Font Info:    Overwriting symbol font `operators' in version `normal'
(Font)                  OT1/ztmcm/m/n --> OT1/lmr/m/n on input line 22.
LaTeX Font Info:    Overwriting symbol font `letters' in version `normal'
(Font)                  OML/ztmcm/m/it --> OML/lmm/m/it on input line 23.
LaTeX Font Info:    Overwriting symbol font `symbols' in version `normal'
(Font)                  OMS/ztmcm/m/n --> OMS/lmsy/m/n on input line 24.
LaTeX Font Info:    Overwriting symbol font `largesymbols' in version `normal'
(Font)                  OMX/ztmcm/m/n --> OMX/lmex/m/n on input line 25.
LaTeX Font Info:    Overwriting symbol font `operators' in version `bold'
(Font)                  OT1/ztmcm/m/n --> OT1/lmr/bx/n on input line 26.
LaTeX Font Info:    Overwriting symbol font `letters' in version `bold'
(Font)                  OML/ztmcm/m/it --> OML/lmm/b/it on input line 27.
LaTeX Font Info:    Overwriting symbol font `symbols' in version `bold'
(Font)                  OMS/ztmcm/m/n --> OMS/lmsy/b/n on input line 28.
LaTeX Font Info:    Overwriting symbol font `largesymbols' in version `bold'
(Font)                  OMX/ztmcm/m/n --> OMX/lmex/m/n on input line 29.
LaTeX Font Info:    Overwriting math alphabet `\mathbf' in version `normal'
(Font)                  OT1/ptm/bx/n --> OT1/lmr/bx/n on input line 31.
LaTeX Font Info:    Overwriting math alphabet `\mathsf' in version `normal'
(Font)                  OT1/cmss/m/n --> OT1/lmss/m/n on input line 32.
LaTeX Font Info:    Overwriting math alphabet `\mathit' in version `normal'
(Font)                  OT1/ptm/m/it --> OT1/lmr/m/it on input line 33.
LaTeX Font Info:    Overwriting math alphabet `\mathtt' in version `normal'
(Font)                  OT1/cmtt/m/n --> OT1/lmtt/m/n on input line 34.
LaTeX Font Info:    Overwriting math alphabet `\mathbf' in version `bold'
(Font)                  OT1/ptm/bx/n --> OT1/lmr/bx/n on input line 35.
LaTeX Font Info:    Overwriting math alphabet `\mathsf' in version `bold'
(Font)                  OT1/cmss/bx/n --> OT1/lmss/bx/n on input line 36.
LaTeX Font Info:    Overwriting math alphabet `\mathit' in version `bold'
(Font)                  OT1/ptm/m/it --> OT1/lmr/bx/it on input line 37.
LaTeX Font Info:    Overwriting math alphabet `\mathtt' in version `bold'
(Font)                  OT1/cmtt/m/n --> OT1/lmtt/m/n on input line 38.
)
(C:\Users\bartek\AppData\Local\Programs\MiKTeX\tex/latex/fancybox\fancybox.sty
Package: fancybox 2010/05/15 1.4

Style option: `fancybox' v1.4 <2010/05/15> (tvz)
\@fancybox=\box56
\shadowsize=\dimen173
\@Sbox=\box57
\do@VerbBox=\toks28
\the@fancyput=\toks29
\this@fancyput=\toks30
\EndVerbatimTokens=\toks31
\Verbatim@Outfile=\write3
\Verbatim@Infile=\read3
) (C:\Users\bartek\AppData\Local\Programs\MiKTeX\tex/latex/environ\environ.sty
Package: environ 2014/05/04 v0.3 A new way to define environments

(C:\Users\bartek\AppData\Local\Programs\MiKTeX\tex/latex/trimspaces\trimspaces.
sty
Package: trimspaces 2009/09/17 v1.1 Trim spaces around a token list
)))
LaTeX Font Info:    Trying to load font information for T1+lmr on input line 42
.
 (C:\Users\bartek\AppData\Local\Programs\MiKTeX\tex/latex/lm\t1lmr.fd
File: t1lmr.fd 2009/10/30 v1.6 Font defs for Latin Modern
)
(C:\Users\bartek\AppData\Local\Programs\MiKTeX\tex/latex/l3backend\l3backend-pd
ftex.def
File: l3backend-pdftex.def 2021-08-04 L3 backend support: PDF output (pdfTeX)
\l__color_backend_stack_int=\count286
\l__pdf_internal_box=\box58
) (pracainÅ¼.aux)
\openout1 = `pracainÅ¼.aux'.

LaTeX Font Info:    Checking defaults for OML/cmm/m/it on input line 42.
LaTeX Font Info:    ... okay on input line 42.
LaTeX Font Info:    Checking defaults for OMS/cmsy/m/n on input line 42.
LaTeX Font Info:    ... okay on input line 42.
LaTeX Font Info:    Checking defaults for OT1/cmr/m/n on input line 42.
LaTeX Font Info:    ... okay on input line 42.
LaTeX Font Info:    Checking defaults for T1/cmr/m/n on input line 42.
LaTeX Font Info:    ... okay on input line 42.
LaTeX Font Info:    Checking defaults for TS1/cmr/m/n on input line 42.
LaTeX Font Info:    ... okay on input line 42.
LaTeX Font Info:    Checking defaults for OMX/cmex/m/n on input line 42.
LaTeX Font Info:    ... okay on input line 42.
LaTeX Font Info:    Checking defaults for U/cmr/m/n on input line 42.
LaTeX Font Info:    ... okay on input line 42.

(C:\Users\bartek\AppData\Local\Programs\MiKTeX\tex/context/base/mkii\supp-pdf.m
kii
[Loading MPS to PDF converter (version 2006.09.02).]
\scratchcounter=\count287
\scratchdimen=\dimen174
\scratchbox=\box59
\nofMPsegments=\count288
\nofMParguments=\count289
\everyMPshowfont=\toks32
\MPscratchCnt=\count290
\MPscratchDim=\dimen175
\MPnumerator=\count291
\makeMPintoPDFobject=\count292
\everyMPtoPDFconversion=\toks33
)
(C:\Users\bartek\AppData\Local\Programs\MiKTeX\tex/latex/epstopdf-pkg\epstopdf-
base.sty
Package: epstopdf-base 2020-01-24 v2.11 Base part for package epstopdf
Package epstopdf-base Info: Redefining graphics rule for `.eps' on input line 4
85.

(C:\Users\bartek\AppData\Local\Programs\MiKTeX\tex/latex/00miktex\epstopdf-sys.
cfg
File: epstopdf-sys.cfg 2021/03/18 v2.0 Configuration of epstopdf for MiKTeX
))
\c@lstlisting=\count293

*geometry* driver: auto-detecting
*geometry* detected driver: pdftex
*geometry* verbose mode - [ preamble ] result:
* driver: pdftex
* paper: a4paper
* layout: <same size as paper>
* layoutoffset:(h,v)=(0.0pt,0.0pt)
* modes: twoside 
* h-part:(L,W,R)=(99.58464pt, 441.01773pt, 56.9055pt)
* v-part:(T,H,B)=(56.9055pt, 717.00946pt, 71.13188pt)
* \paperwidth=597.50787pt
* \paperheight=845.04684pt
* \textwidth=441.01773pt
* \textheight=717.00946pt
* \oddsidemargin=27.31465pt
* \evensidemargin=-15.36449pt
* \topmargin=-52.36449pt
* \headheight=12.0pt
* \headsep=25.0pt
* \topskip=12.0pt
* \footskip=33.0053pt
* \marginparwidth=95.0pt
* \marginparsep=10.0pt
* \columnsep=10.0pt
* \skip\footins=10.8pt plus 4.0pt minus 2.0pt
* \hoffset=0.0pt
* \voffset=0.0pt
* \mag=1000
* \@twocolumnfalse
* \@twosidetrue
* \@mparswitchtrue
* \@reversemarginfalse
* (1in=72.27pt=25.4mm, 1cm=28.453pt)

<auxiliary/logoweii.jpg, id=1, 400.1349pt x 117.67966pt>
File: auxiliary/logoweii.jpg Graphic file (type jpg)
<use auxiliary/logoweii.jpg>
Package pdftex.def Info: auxiliary/logoweii.jpg  used on input line 45.
(pdftex.def)             Requested size: 355.65944pt x 104.60167pt.

Underfull \hbox (badness 10000) in paragraph at lines 45--45

 []


Underfull \hbox (badness 10000) in paragraph at lines 45--45

 []

[1

{C:/Users/bartek/AppData/Local/MiKTeX/pdftex/config/pdftex.map} <./auxiliary/lo
goweii.jpg>] [2] (pracainÅ¼.toc
LaTeX Font Info:    Trying to load font information for OT1+lmr on input line 2
.

(C:\Users\bartek\AppData\Local\Programs\MiKTeX\tex/latex/lm\ot1lmr.fd
File: ot1lmr.fd 2009/10/30 v1.6 Font defs for Latin Modern
)
LaTeX Font Info:    Trying to load font information for OML+lmm on input line 2
.

(C:\Users\bartek\AppData\Local\Programs\MiKTeX\tex/latex/lm\omllmm.fd
File: omllmm.fd 2009/10/30 v1.6 Font defs for Latin Modern
)
LaTeX Font Info:    Trying to load font information for OMS+lmsy on input line 
2.

(C:\Users\bartek\AppData\Local\Programs\MiKTeX\tex/latex/lm\omslmsy.fd
File: omslmsy.fd 2009/10/30 v1.6 Font defs for Latin Modern
)
LaTeX Font Info:    Trying to load font information for OMX+lmex on input line 
2.

(C:\Users\bartek\AppData\Local\Programs\MiKTeX\tex/latex/lm\omxlmex.fd
File: omxlmex.fd 2009/10/30 v1.6 Font defs for Latin Modern
)
LaTeX Font Info:    External font `lmex10' loaded for size
(Font)              <12> on input line 2.
LaTeX Font Info:    External font `lmex10' loaded for size
(Font)              <9> on input line 2.
LaTeX Font Info:    External font `lmex10' loaded for size
(Font)              <7> on input line 2.
LaTeX Font Info:    Trying to load font information for OT1+ptm on input line 2
.

(C:\Users\bartek\AppData\Local\Programs\MiKTeX\tex/latex/psnfss\ot1ptm.fd
File: ot1ptm.fd 2001/06/04 font definitions for OT1/ptm.
)
LaTeX Font Info:    Font shape `OT1/ptm/bx/n' in size <12> not available
(Font)              Font shape `OT1/ptm/b/n' tried instead on input line 2.
LaTeX Font Info:    Font shape `OT1/ptm/bx/n' in size <9> not available
(Font)              Font shape `OT1/ptm/b/n' tried instead on input line 2.
LaTeX Font Info:    Font shape `OT1/ptm/bx/n' in size <7> not available
(Font)              Font shape `OT1/ptm/b/n' tried instead on input line 2.
)
\tf@toc=\write4
\openout4 = `pracainÅ¼.toc'.


[3] [4

]
LaTeX Font Info:    Trying to load font information for T1+lmtt on input line 5
8.
 (C:\Users\bartek\AppData\Local\Programs\MiKTeX\tex/latex/lm\t1lmtt.fd
File: t1lmtt.fd 2009/10/30 v1.6 Font defs for Latin Modern
)
Overfull \hbox (5.00331pt too wide) in paragraph at lines 74--75
[]\T1/lmr/m/n/12 Broker wia-do-mo-±ci (ang. \T1/lmr/m/it/12 mes-sage bro-ker\T1
/lmr/m/n/12 )  ,,po-±red-nik wia-do-mo-±ci'', ze wzgl¦du
 []

[5] [6]
Underfull \vbox (badness 1365) has occurred while \output is active []

 [7

]
Underfull \vbox (badness 1137) has occurred while \output is active []

 [8]
[9] [10

] [11

] [12]
Underfull \vbox (badness 2698) has occurred while \output is active []

 [13]
[14]
LaTeX Font Info:    External font `lmex10' loaded for size
(Font)              <10> on input line 195.
LaTeX Font Info:    External font `lmex10' loaded for size
(Font)              <7.4> on input line 195.
LaTeX Font Info:    External font `lmex10' loaded for size
(Font)              <6> on input line 195.
LaTeX Font Info:    Font shape `OT1/ptm/bx/n' in size <10> not available
(Font)              Font shape `OT1/ptm/b/n' tried instead on input line 195.
LaTeX Font Info:    Font shape `OT1/ptm/bx/n' in size <7.4> not available
(Font)              Font shape `OT1/ptm/b/n' tried instead on input line 195.
LaTeX Font Info:    Font shape `OT1/ptm/bx/n' in size <6> not available
(Font)              Font shape `OT1/ptm/b/n' tried instead on input line 195.
 [15] [16] [17] [18]
Overfull \hbox (2.95287pt too wide) in paragraph at lines 228--228
|[]\T1/lmr/bx/n/16 Tworzenie i wdra-»a-nie skon-te-ne-ry-zo-wa-nego stosu mi-
 []

<figures/diagram.jpg, id=69, 1295.84125pt x 1125.20375pt>
File: figures/diagram.jpg Graphic file (type jpg)
<use figures/diagram.jpg>
Package pdftex.def Info: figures/diagram.jpg  used on input line 236.
(pdftex.def)             Requested size: 455.24408pt x 395.30377pt.

Overfull \hbox (14.22635pt too wide) in paragraph at lines 236--237
 [][] 
 []


Underfull \vbox (badness 3536) has occurred while \output is active []

 [19

]
[20 <./figures/diagram.jpg>] [21]
Underfull \vbox (badness 1168) has occurred while \output is active []

 [22]
Overfull \hbox (1.84464pt too wide) in paragraph at lines 282--283
[]\T1/lmr/m/n/12 Kolejnym kro-kiem two-rze-nia pro-to-typu, byªo wpro-wa-dze-ni
e kon-te-ne-ry-za-cji utwo-
 []

[23]
Overfull \hbox (1.19249pt too wide) in paragraph at lines 314--315
[]\T1/lmr/m/n/12 Kolejnym kro-kiem wpro-wa-dze-nia kon-te-ne-ry-za-cji byªo zde
-fi-nio-wa-nie pli-ków, które
 []

[24] [25] [26] [27] [28]
Overfull \hbox (18.9272pt too wide) in paragraph at lines 467--468
\T1/lmr/m/n/12 razu. Warto pod-kre-±li¢, »e nie jest to do-sko-naªe roz-wi¡-za-
nie w przy-padku \T1/lmtt/m/n/12 docker-compose\T1/lmr/m/n/12 .
 []

[29]
Overfull \hbox (22.10718pt too wide) in paragraph at lines 500--501
[]\T1/lmr/m/n/12 Na rzecz ±ro-do-wi-ska lo-kal-nego wy-ko-rzy-stano kla-ster wb
u-do-wany w \T1/lmtt/m/n/12 docker-desktop\T1/lmr/m/n/12 .
 []

[30] [31] [32] [33] [34] [35]
<figures/klaster.jpg, id=125, 1156.32pt x 614.295pt>
File: figures/klaster.jpg Graphic file (type jpg)
<use figures/klaster.jpg>
Package pdftex.def Info: figures/klaster.jpg  used on input line 694.
(pdftex.def)             Requested size: 312.9803pt x 166.26491pt.

Underfull \vbox (badness 10000) has occurred while \output is active []

 [36]
<figures/send.jpg, id=129, 1146.684pt x 609.477pt>
File: figures/send.jpg Graphic file (type jpg)
<use figures/send.jpg>
Package pdftex.def Info: figures/send.jpg  used on input line 703.
(pdftex.def)             Requested size: 312.9803pt x 166.35587pt.
<figures/download.jpg, id=130, 1156.32pt x 614.295pt>
File: figures/download.jpg Graphic file (type jpg)
<use figures/download.jpg>
Package pdftex.def Info: figures/download.jpg  used on input line 711.
(pdftex.def)             Requested size: 312.9803pt x 166.26491pt.

[37 <./figures/klaster.jpg> <./figures/send.jpg>]
<figures/blog1.jpg, id=135, 1156.32pt x 614.295pt>
File: figures/blog1.jpg Graphic file (type jpg)
<use figures/blog1.jpg>
Package pdftex.def Info: figures/blog1.jpg  used on input line 719.
(pdftex.def)             Requested size: 312.9803pt x 166.26491pt.
<figures/blog.jpg, id=136, 1156.32pt x 614.295pt>
File: figures/blog.jpg Graphic file (type jpg)
<use figures/blog.jpg>
Package pdftex.def Info: figures/blog.jpg  used on input line 726.
(pdftex.def)             Requested size: 312.9803pt x 166.26491pt.
<figures/blog2.jpg, id=137, 1156.32pt x 614.295pt>
File: figures/blog2.jpg Graphic file (type jpg)
<use figures/blog2.jpg>
Package pdftex.def Info: figures/blog2.jpg  used on input line 733.
(pdftex.def)             Requested size: 312.9803pt x 166.26491pt.
<figures/blog3.jpg, id=138, 1156.32pt x 614.295pt>
File: figures/blog3.jpg Graphic file (type jpg)
<use figures/blog3.jpg>
Package pdftex.def Info: figures/blog3.jpg  used on input line 739.
(pdftex.def)             Requested size: 312.9803pt x 166.26491pt.
<figures/logs.jpg, id=139, 1157.5245pt x 221.628pt>
File: figures/logs.jpg Graphic file (type jpg)
<use figures/logs.jpg>
Package pdftex.def Info: figures/logs.jpg  used on input line 745.
(pdftex.def)             Requested size: 312.9803pt x 59.9249pt.
 [38 <./figures/download.jpg> <./figures/blog1.jpg>] [39 <./figures/blog.jpg> <
./figures/blog2.jpg>] [40 <./figures/blog3.jpg> <./figures/logs.jpg>] [41]
Overfull \hbox (0.4114pt too wide) in paragraph at lines 794--795
[]\T1/lmr/m/n/12 Dodatkowo wpro-wa-dzono po-dej-±cie pi-sa-nia funk-cjo-nal-no-
±ci biz-ne-so-wych za-miast
 []

[42]
Underfull \vbox (badness 10000) has occurred while \output is active []

 [43]
Underfull \vbox (badness 1137) has occurred while \output is active []

 [44]
Underfull \vbox (badness 2698) has occurred while \output is active []

 [45]
[46]
Underfull \vbox (badness 1824) has occurred while \output is active []

 [47

]
Overfull \hbox (12.47295pt too wide) in paragraph at lines 840--841
[]\T1/lmr/m/n/12 wdro»enie apli-ka-cji w chmu-rowy kla-ster \T1/lmtt/m/n/12 kub
ernetes Azure Kubernetes Service\T1/lmr/m/n/12 , 
 []

[48]
Overfull \hbox (8.04794pt too wide) in paragraph at lines 848--849
\T1/lmr/m/n/12 stosu za-im-ple-men-to-wa-nych mi-kro-ser-wi-sów wraz z pli-kami
 \T1/lmtt/m/n/12 dockerfile \T1/lmr/m/n/12 i \T1/lmtt/m/n/12 docker-compose
 []

[49

]
Underfull \hbox (badness 10000) in paragraph at lines 856--857
[]\T1/lmr/m/n/12 https://pl.euro-linux.com/blog/slowniczek-pojec-wirtualizacja-
konteneryzacja-
 []


Underfull \hbox (badness 10000) in paragraph at lines 857--858
[]\T1/lmr/m/n/12 https://www.baeldung.com/cs/virtualization-vs-containerization
, Do-st¦p
 []


Underfull \hbox (badness 2698) in paragraph at lines 858--859
[]\T1/lmr/m/n/12 https://www.redhat.com/en/topics/containers/what-is-a-kubernet
es-cluster, Do-
 []


Underfull \hbox (badness 10000) in paragraph at lines 862--863
[]\T1/lmr/m/n/12 https://www.thoughtworks.com/radar/techniques/microservices, D
o-st¦p
 []


Underfull \hbox (badness 10000) in paragraph at lines 863--864
[]\T1/lmr/m/n/12 https://www.thoughtworks.com/radar/techniques/microservice-env
y, Do-st¦p
 []


Underfull \hbox (badness 10000) in paragraph at lines 864--865
[]\T1/lmr/m/n/12 https://www.thoughtworks.com/radar/techniques/layered-microser
vices-
 []


Underfull \hbox (badness 10000) in paragraph at lines 865--866
[]\T1/lmr/m/n/12 https://microservices.io/articles/whoisusingmicroservices.html
, Do-st¦p
 []


Underfull \hbox (badness 10000) in paragraph at lines 866--867
[]\T1/lmr/m/n/12 https://wiredelta.com/10-reasons-why-microservices-are-the-fut
ure/, Do-st¦p
 []


Underfull \hbox (badness 10000) in paragraph at lines 868--869
[]\T1/lmr/m/n/12 https://softclouds.medium.com/the-future-of-software-developme
nt-with-
 []


Underfull \hbox (badness 10000) in paragraph at lines 869--870
[]\T1/lmr/m/n/12 https://devops.com/how-ai-and-microservices-create-a-reliable-
enterprise-of-the-
 []

[50

]
Underfull \hbox (badness 10000) in paragraph at lines 871--872
[]\T1/lmr/m/n/12 https://martinfowler.com/bliki/StranglerFigApplication.html, D
o-st¦p
 []


Underfull \hbox (badness 10000) in paragraph at lines 872--873
[]\T1/lmr/m/n/12 http://paulhammant.com/2013/07/14/legacy-application-strangula
tion-case-
 []


Underfull \hbox (badness 10000) in paragraph at lines 873--874
[]\T1/lmr/m/n/12 https://www.docker.com/blog/updating-product-subscriptions/, D
o-st¦p
 []


Underfull \hbox (badness 10000) in paragraph at lines 876--877
[]\T1/lmr/m/n/12 https://blog.sonatype.com/how-to-get-started-with-nexus-reposi
tory-manager-
 []


Underfull \hbox (badness 10000) in paragraph at lines 877--878
[]\T1/lmr/m/n/12 https://kubernetes.io/pl/docs/concepts/overview/what-is-kubern
etes/,
 []


Underfull \hbox (badness 10000) in paragraph at lines 878--879
[]\T1/lmr/m/n/12 https://kubernetes.io/docs/concepts/services-networking/servic
e/, Do-st¦p
 []


Underfull \hbox (badness 10000) in paragraph at lines 885--886
[]\T1/lmr/m/n/12 https://github.com/bitnami/bitnami-docker-kafka/blob/master/do
cker-
 []


Underfull \hbox (badness 10000) in paragraph at lines 886--887
[]\T1/lmr/m/n/12 https://raw.githubusercontent.com/bitnami/bitnami-docker-
 []

[51]
Underfull \hbox (badness 8132) in paragraph at lines 889--890
[]\T1/lmr/m/n/12 https://access.crunchydata.com/documentation/postgres-operator
/latest/, Do-
 []

[52]
Overfull \hbox (14.2264pt too wide) in paragraph at lines 897--897
[][]| 
 []


Overfull \hbox (14.2264pt too wide) in paragraph at lines 897--897
[][]| 
 []


Underfull \hbox (badness 10000) in paragraph at lines 897--897
[][]
 []


LaTeX Warning: `h' float specifier changed to `ht'.

[53] (pracainÅ¼.aux) ) 
Here is how much of TeX's memory you used:
 7467 strings out of 478927
 109785 string characters out of 2852060
 609495 words of memory out of 3000000
 25182 multiletter control sequences out of 15000+600000
 477230 words of font info for 78 fonts, out of 8000000 for 9000
 1141 hyphenation exceptions out of 8191
 72i,13n,80p,1440b,1698s stack positions out of 5000i,500n,10000p,200000b,80000s
{C:/Users/bartek/AppData/Local/Programs/MiKTeX/fonts/enc/
dvips/lm/lm-ec.enc}<C:/Users/bartek/AppData/Local/Programs/MiKTeX/fonts/type1/p
ublic/lm/lmbx10.pfb><C:/Users/bartek/AppData/Local/Programs/MiKTeX/fonts/type1/
public/lm/lmbx12.pfb><C:/Users/bartek/AppData/Local/Programs/MiKTeX/fonts/type1
/public/lm/lmr10.pfb><C:/Users/bartek/AppData/Local/Programs/MiKTeX/fonts/type1
/public/lm/lmr12.pfb><C:/Users/bartek/AppData/Local/Programs/MiKTeX/fonts/type1
/public/lm/lmr17.pfb><C:/Users/bartek/AppData/Local/Programs/MiKTeX/fonts/type1
/public/lm/lmr6.pfb><C:/Users/bartek/AppData/Local/Programs/MiKTeX/fonts/type1/
public/lm/lmr7.pfb><C:/Users/bartek/AppData/Local/Programs/MiKTeX/fonts/type1/p
ublic/lm/lmr9.pfb><C:/Users/bartek/AppData/Local/Programs/MiKTeX/fonts/type1/pu
blic/lm/lmri12.pfb><C:/Users/bartek/AppData/Local/Programs/MiKTeX/fonts/type1/p
ublic/lm/lmtt10.pfb><C:/Users/bartek/AppData/Local/Programs/MiKTeX/fonts/type1/
public/lm/lmtt12.pfb>
Output written on pracainÅ¼.pdf (53 pages, 3137995 bytes).
PDF statistics:
 239 PDF objects out of 1000 (max. 8388607)
 0 named destinations out of 1000 (max. 500000)
 51 words of extra memory for PDF output out of 10000 (max. 10000000)

